<?xml version="1.0" encoding="UTF-8"?>
<!-- Generated by org.testng.reporters.JUnitReportReporter -->
<testsuite hostname="DESKTOP-DJ4FDME" failures="0" tests="1" name="testcases.SignupScenario" time="5.684" errors="0" timestamp="2025-05-18T18:47:28 IST" skipped="0">
  <testcase classname="testcases.SignupScenario" name="tc02_validate_signup_functionality" time="5.684"/>
</testsuite> <!-- testcases.SignupScenario -->
