<?xml version="1.0" encoding="UTF-8"?>
<!-- Generated by org.testng.reporters.JUnitReportReporter -->
<testsuite hostname="DESKTOP-DJ4FDME" failures="0" tests="1" name="testcases.LoginScenario" time="4.497" errors="0" timestamp="2025-05-18T18:30:07 IST" skipped="0">
  <testcase classname="testcases.LoginScenario" name="tc01_validate_valid_login_functionality" time="4.497"/>
</testsuite> <!-- testcases.LoginScenario -->
